<?xml version="1.0" encoding="UTF-8"?>
<!-- Generated by org.testng.reporters.JUnitXMLReporter -->
<testsuite ignored="0" hostname="Sahasra-Laptop" failures="1" tests="4" name="Surefire test" time="3.589" errors="0" timestamp="2021-02-22T20:00:45 PST">
  <testcase classname="mpack.MavenFourTest" name="mThree" time="0.003"/>
  <testcase classname="mpack.MavenOneTest" name="mOne" time="3.453">
    <failure type="java.lang.AssertionError" message="expected [PracticeAutomationHereABC] but found [PracticeAutomationHere]">
      <![CDATA[java.lang.AssertionError: expected [PracticeAutomationHereABC] but found [PracticeAutomationHere]
at mpack.MavenOneTest.mOne(MavenOneTest.java:32)
at java.base/java.util.ArrayList.forEach(ArrayList.java:1541)
... Removed 38 stack frames]]>
    </failure>
  </testcase> <!-- mOne -->
  <testcase classname="mpack.MavenThreeTest" name="mThree" time="0.001"/>
  <testcase classname="mpack.MavenTwoTest" name="mTwo" time="0.001"/>
</testsuite> <!-- Surefire test -->
