<?xml version="1.0" encoding="UTF-8"?>
<!-- Generated by org.testng.reporters.JUnitXMLReporter -->
<testsuite ignored="0" hostname="Sahasra-Laptop" failures="1" tests="2" name="Test" time="5.277" errors="0" timestamp="2021-02-22T19:55:45 PST">
  <testcase classname="mpack.MavenOneTest" name="mOne" time="5.144">
    <failure type="java.lang.AssertionError" message="expected [PracticeAutomationHereABC] but found [PracticeAutomationHere]">
      <![CDATA[java.lang.AssertionError: expected [PracticeAutomationHereABC] but found [PracticeAutomationHere]
at mpack.MavenOneTest.mOne(MavenOneTest.java:32)
at java.base/java.util.ArrayList.forEach(ArrayList.java:1541)
... Removed 33 stack frames]]>
    </failure>
  </testcase> <!-- mOne -->
  <testcase classname="mpack.MavenThreeTest" name="mThree" time="0.001"/>
</testsuite> <!-- Test -->
