<?xml version="1.0" encoding="UTF-8"?>
<!-- Generated by org.testng.reporters.JUnitXMLReporter -->
<testsuite ignored="0" hostname="Sahasra-Laptop" failures="0" tests="4" name="Test" time="3.53" errors="0" timestamp="2021-02-23T00:27:23 PST">
  <testcase classname="mpack.MavenOneTest" name="mOne" time="3.361"/>
  <testcase classname="mpack.MavenThreeTest" name="mThree" time="0.0"/>
  <testcase classname="mpack.MavenFourTest" name="mThree" time="0.001"/>
  <testcase classname="mpack.MavenTwoTest" name="mTwo" time="0.001"/>
</testsuite> <!-- Test -->
