-------------------------------------------------------------------------------
Test set: mpack.MavenOneTest
-------------------------------------------------------------------------------
Tests run: 1, Failures: 1, Errors: 0, Skipped: 0, Time elapsed: 4.645 s <<< FAILURE! - in mpack.MavenOneTest
mpack.MavenOneTest.mOne  Time elapsed: 4.064 s  <<< FAILURE!
java.lang.AssertionError: expected [PracticeAutomationHereABC] but found [PracticeAutomationHere]
	at mpack.MavenOneTest.mOne(MavenOneTest.java:31)

