<?xml version="1.0" encoding="UTF-8"?>
<testng-results ignored="0" total="1" passed="1" failed="0" skipped="0">
  <reporter-output>
  </reporter-output>
  <suite started-at="2021-02-25T20:06:26 PST" name="Default suite" finished-at="2021-02-25T20:06:26 PST" duration-ms="45">
    <groups>
    </groups>
    <test started-at="2021-02-25T20:06:26 PST" name="Default test" finished-at="2021-02-25T20:06:26 PST" duration-ms="45">
      <class name="mpack.MavenFourTest">
        <test-method signature="mThree()[pri:0, instance:mpack.MavenFourTest@568ff82]" started-at="2021-02-25T20:06:26 PST" name="mThree" finished-at="2021-02-25T20:06:26 PST" duration-ms="8" status="PASS">
          <reporter-output>
          </reporter-output>
        </test-method> <!-- mThree -->
      </class> <!-- mpack.MavenFourTest -->
    </test> <!-- Default test -->
  </suite> <!-- Default suite -->
</testng-results>
